{"/Users/on.alanhu/Documents/projects/blog/src/stitches.config.ts": {"path":"/Users/on.alanhu/Documents/projects/blog/src/stitches.config.ts","statementMap":{"0":{"start":{"line":7,"column":25},"end":{"line":14,"column":10}},"1":{"start":{"line":19,"column":14},"end":{"line":19,"column":30}},"2":{"start":{"line":21,"column":15},"end":{"line":70,"column":10}},"3":{"start":{"line":63,"column":25},"end":{"line":68,"column":6}},"4":{"start":{"line":63,"column":35},"end":{"line":68,"column":5}},"5":{"start":{"line":71,"column":31},"end":{"line":71,"column":51}}},"fnMap":{"0":{"name":"(anonymous_0)","decl":{"start":{"line":63,"column":15},"end":{"line":63,"column":16}},"loc":{"start":{"line":63,"column":25},"end":{"line":68,"column":6}},"line":63},"1":{"name":"(anonymous_1)","decl":{"start":{"line":63,"column":25},"end":{"line":63,"column":26}},"loc":{"start":{"line":63,"column":35},"end":{"line":68,"column":5}},"line":63}},"branchMap":{},"s":{"0":9,"1":9,"2":9,"3":0,"4":0,"5":9},"f":{"0":0,"1":0},"b":{},"_coverageSchema":"1a1c01bbd47fc00a2c39e90264f33305004495a9","hash":"61d4d2fccc9939cc02a8bcd4298db8c853f2c2be"}
,"/Users/on.alanhu/Documents/projects/blog/src/components/icons/Hu.tsx": {"path":"/Users/on.alanhu/Documents/projects/blog/src/components/icons/Hu.tsx","statementMap":{"0":{"start":{"line":9,"column":26},"end":{"line":9,"column":31}},"1":{"start":{"line":10,"column":14},"end":{"line":10,"column":80}},"2":{"start":{"line":11,"column":2},"end":{"line":26,"column":4}},"3":{"start":{"line":29,"column":40},"end":{"line":35,"column":1}}},"fnMap":{"0":{"name":"Hu","decl":{"start":{"line":8,"column":16},"end":{"line":8,"column":18}},"loc":{"start":{"line":8,"column":46},"end":{"line":27,"column":1}},"line":8}},"branchMap":{"0":{"loc":{"start":{"line":9,"column":10},"end":{"line":9,"column":21}},"type":"default-arg","locations":[{"start":{"line":9,"column":17},"end":{"line":9,"column":21}}],"line":9}},"s":{"0":1,"1":1,"2":1,"3":1},"f":{"0":1},"b":{"0":[1]},"_coverageSchema":"1a1c01bbd47fc00a2c39e90264f33305004495a9","hash":"0073aaef4b2e7a1f3e8020ad720694c255921ce9"}
,"/Users/on.alanhu/Documents/projects/blog/src/components/icons/LinkedIn.tsx": {"path":"/Users/on.alanhu/Documents/projects/blog/src/components/icons/LinkedIn.tsx","statementMap":{"0":{"start":{"line":9,"column":18},"end":{"line":9,"column":23}},"1":{"start":{"line":10,"column":2},"end":{"line":14,"column":4}}},"fnMap":{"0":{"name":"LinkedIn","decl":{"start":{"line":8,"column":16},"end":{"line":8,"column":24}},"loc":{"start":{"line":8,"column":52},"end":{"line":15,"column":1}},"line":8}},"branchMap":{},"s":{"0":1,"1":1},"f":{"0":1},"b":{},"_coverageSchema":"1a1c01bbd47fc00a2c39e90264f33305004495a9","hash":"078badb6c2d11b11342fcfbac09a2fd59a5981d5"}
,"/Users/on.alanhu/Documents/projects/blog/src/components/icons/LocationPin.tsx": {"path":"/Users/on.alanhu/Documents/projects/blog/src/components/icons/LocationPin.tsx","statementMap":{"0":{"start":{"line":9,"column":18},"end":{"line":9,"column":23}},"1":{"start":{"line":10,"column":2},"end":{"line":20,"column":4}}},"fnMap":{"0":{"name":"LocationPin","decl":{"start":{"line":8,"column":16},"end":{"line":8,"column":27}},"loc":{"start":{"line":8,"column":55},"end":{"line":21,"column":1}},"line":8}},"branchMap":{},"s":{"0":1,"1":1},"f":{"0":1},"b":{},"_coverageSchema":"1a1c01bbd47fc00a2c39e90264f33305004495a9","hash":"575789cb91267265da664d755637fb9fe75ed388"}
,"/Users/on.alanhu/Documents/projects/blog/src/components/icons/Mail.tsx": {"path":"/Users/on.alanhu/Documents/projects/blog/src/components/icons/Mail.tsx","statementMap":{"0":{"start":{"line":9,"column":18},"end":{"line":9,"column":23}},"1":{"start":{"line":11,"column":2},"end":{"line":21,"column":4}}},"fnMap":{"0":{"name":"Mail","decl":{"start":{"line":8,"column":16},"end":{"line":8,"column":20}},"loc":{"start":{"line":8,"column":48},"end":{"line":22,"column":1}},"line":8}},"branchMap":{},"s":{"0":1,"1":1},"f":{"0":1},"b":{},"_coverageSchema":"1a1c01bbd47fc00a2c39e90264f33305004495a9","hash":"bfd5510f91c38c30b9001ef3f1acde40b13c4bad"}
,"/Users/on.alanhu/Documents/projects/blog/src/components/icons/OuNanSealScript.tsx": {"path":"/Users/on.alanhu/Documents/projects/blog/src/components/icons/OuNanSealScript.tsx","statementMap":{"0":{"start":{"line":10,"column":36},"end":{"line":10,"column":41}},"1":{"start":{"line":11,"column":2},"end":{"line":51,"column":4}}},"fnMap":{"0":{"name":"OuNanSealScript","decl":{"start":{"line":9,"column":16},"end":{"line":9,"column":31}},"loc":{"start":{"line":9,"column":59},"end":{"line":52,"column":1}},"line":9}},"branchMap":{"0":{"loc":{"start":{"line":10,"column":15},"end":{"line":10,"column":31}},"type":"default-arg","locations":[{"start":{"line":10,"column":22},"end":{"line":10,"column":31}}],"line":10}},"s":{"0":4,"1":4},"f":{"0":4},"b":{"0":[1]},"_coverageSchema":"1a1c01bbd47fc00a2c39e90264f33305004495a9","hash":"ca832f351b04dcf3aec71e8521917fe0f95620f9"}
,"/Users/on.alanhu/Documents/projects/blog/src/components/layouts/IconPostLayout.tsx": {"path":"/Users/on.alanhu/Documents/projects/blog/src/components/layouts/IconPostLayout.tsx","statementMap":{"0":{"start":{"line":11,"column":32},"end":{"line":11,"column":37}},"1":{"start":{"line":12,"column":20},"end":{"line":12,"column":42}},"2":{"start":{"line":14,"column":2},"end":{"line":18,"column":4}},"3":{"start":{"line":21,"column":40},"end":{"line":36,"column":1}}},"fnMap":{"0":{"name":"IconPostLayout","decl":{"start":{"line":10,"column":16},"end":{"line":10,"column":30}},"loc":{"start":{"line":10,"column":58},"end":{"line":19,"column":1}},"line":10}},"branchMap":{"0":{"loc":{"start":{"line":12,"column":20},"end":{"line":12,"column":42}},"type":"cond-expr","locations":[{"start":{"line":12,"column":30},"end":{"line":12,"column":36}},{"start":{"line":12,"column":39},"end":{"line":12,"column":42}}],"line":12}},"s":{"0":2,"1":2,"2":2,"3":1},"f":{"0":2},"b":{"0":[0,2]},"_coverageSchema":"1a1c01bbd47fc00a2c39e90264f33305004495a9","hash":"01edd5cf31868e0aeec3e1019323e8d6ee679ef8"}
,"/Users/on.alanhu/Documents/projects/blog/src/components/layouts/PageLayout.tsx": {"path":"/Users/on.alanhu/Documents/projects/blog/src/components/layouts/PageLayout.tsx","statementMap":{"0":{"start":{"line":11,"column":35},"end":{"line":11,"column":40}},"1":{"start":{"line":13,"column":2},"end":{"line":20,"column":4}}},"fnMap":{"0":{"name":"PageLayout","decl":{"start":{"line":10,"column":16},"end":{"line":10,"column":26}},"loc":{"start":{"line":10,"column":54},"end":{"line":21,"column":1}},"line":10}},"branchMap":{"0":{"loc":{"start":{"line":11,"column":10},"end":{"line":11,"column":20}},"type":"default-arg","locations":[{"start":{"line":11,"column":18},"end":{"line":11,"column":20}}],"line":11}},"s":{"0":6,"1":6},"f":{"0":6},"b":{"0":[0]},"_coverageSchema":"1a1c01bbd47fc00a2c39e90264f33305004495a9","hash":"aef21cbc11eb7110615a25d0f8bd2986a88f29aa"}
,"/Users/on.alanhu/Documents/projects/blog/src/components/layouts/PostLayout.tsx": {"path":"/Users/on.alanhu/Documents/projects/blog/src/components/layouts/PostLayout.tsx","statementMap":{"0":{"start":{"line":14,"column":49},"end":{"line":14,"column":54}},"1":{"start":{"line":15,"column":20},"end":{"line":15,"column":42}},"2":{"start":{"line":16,"column":25},"end":{"line":32,"column":3}},"3":{"start":{"line":17,"column":4},"end":{"line":23,"column":5}},"4":{"start":{"line":18,"column":6},"end":{"line":22,"column":8}},"5":{"start":{"line":24,"column":4},"end":{"line":26,"column":5}},"6":{"start":{"line":25,"column":6},"end":{"line":25,"column":53}},"7":{"start":{"line":27,"column":4},"end":{"line":31,"column":6}},"8":{"start":{"line":34,"column":2},"end":{"line":42,"column":4}},"9":{"start":{"line":45,"column":40},"end":{"line":85,"column":1}}},"fnMap":{"0":{"name":"PostLayout","decl":{"start":{"line":13,"column":16},"end":{"line":13,"column":26}},"loc":{"start":{"line":13,"column":54},"end":{"line":43,"column":1}},"line":13},"1":{"name":"(anonymous_1)","decl":{"start":{"line":16,"column":25},"end":{"line":16,"column":26}},"loc":{"start":{"line":16,"column":31},"end":{"line":32,"column":3}},"line":16}},"branchMap":{"0":{"loc":{"start":{"line":14,"column":10},"end":{"line":14,"column":20}},"type":"default-arg","locations":[{"start":{"line":14,"column":18},"end":{"line":14,"column":20}}],"line":14},"1":{"loc":{"start":{"line":15,"column":20},"end":{"line":15,"column":42}},"type":"cond-expr","locations":[{"start":{"line":15,"column":30},"end":{"line":15,"column":36}},{"start":{"line":15,"column":39},"end":{"line":15,"column":42}}],"line":15},"2":{"loc":{"start":{"line":17,"column":4},"end":{"line":23,"column":5}},"type":"if","locations":[{"start":{"line":17,"column":4},"end":{"line":23,"column":5}},{"start":{"line":17,"column":4},"end":{"line":23,"column":5}}],"line":17},"3":{"loc":{"start":{"line":24,"column":4},"end":{"line":26,"column":5}},"type":"if","locations":[{"start":{"line":24,"column":4},"end":{"line":26,"column":5}},{"start":{"line":24,"column":4},"end":{"line":26,"column":5}}],"line":24}},"s":{"0":5,"1":5,"2":5,"3":5,"4":1,"5":4,"6":2,"7":2,"8":5,"9":1},"f":{"0":5,"1":5},"b":{"0":[1],"1":[1,4],"2":[1,4],"3":[2,2]},"_coverageSchema":"1a1c01bbd47fc00a2c39e90264f33305004495a9","hash":"764519e1ec36f74f18650afe88bba8049caad791"}
,"/Users/on.alanhu/Documents/projects/blog/src/components/layouts/SectionLayout.tsx": {"path":"/Users/on.alanhu/Documents/projects/blog/src/components/layouts/SectionLayout.tsx","statementMap":{"0":{"start":{"line":12,"column":30},"end":{"line":12,"column":35}},"1":{"start":{"line":14,"column":2},"end":{"line":22,"column":4}},"2":{"start":{"line":25,"column":40},"end":{"line":49,"column":1}}},"fnMap":{"0":{"name":"SectionLayout","decl":{"start":{"line":11,"column":16},"end":{"line":11,"column":29}},"loc":{"start":{"line":11,"column":57},"end":{"line":23,"column":1}},"line":11}},"branchMap":{},"s":{"0":2,"1":2,"2":1},"f":{"0":2},"b":{},"_coverageSchema":"1a1c01bbd47fc00a2c39e90264f33305004495a9","hash":"1db9e2727049144a96f480afdb1715d36540e88f"}
,"/Users/on.alanhu/Documents/projects/blog/src/components/layouts/TabPageLayout.tsx": {"path":"/Users/on.alanhu/Documents/projects/blog/src/components/layouts/TabPageLayout.tsx","statementMap":{"0":{"start":{"line":14,"column":46},"end":{"line":14,"column":51}},"1":{"start":{"line":16,"column":2},"end":{"line":31,"column":4}},"2":{"start":{"line":34,"column":40},"end":{"line":89,"column":1}}},"fnMap":{"0":{"name":"TabPageLayout","decl":{"start":{"line":13,"column":16},"end":{"line":13,"column":29}},"loc":{"start":{"line":13,"column":57},"end":{"line":32,"column":1}},"line":13}},"branchMap":{},"s":{"0":3,"1":3,"2":1},"f":{"0":3},"b":{},"_coverageSchema":"1a1c01bbd47fc00a2c39e90264f33305004495a9","hash":"9a8f8f601c9294b76e00c432be11d7fc47c2b9a0"}
,"/Users/on.alanhu/Documents/projects/blog/src/components/pages/contact.tsx": {"path":"/Users/on.alanhu/Documents/projects/blog/src/components/pages/contact.tsx","statementMap":{"0":{"start":{"line":22,"column":13},"end":{"line":27,"column":1}},"1":{"start":{"line":30,"column":2},"end":{"line":65,"column":4}},"2":{"start":{"line":68,"column":61},"end":{"line":74,"column":1}},"3":{"start":{"line":69,"column":2},"end":{"line":73,"column":4}},"4":{"start":{"line":76,"column":40},"end":{"line":97,"column":1}}},"fnMap":{"0":{"name":"Contact","decl":{"start":{"line":29,"column":24},"end":{"line":29,"column":31}},"loc":{"start":{"line":29,"column":47},"end":{"line":66,"column":1}},"line":29},"1":{"name":"(anonymous_1)","decl":{"start":{"line":68,"column":61},"end":{"line":68,"column":62}},"loc":{"start":{"line":68,"column":73},"end":{"line":74,"column":1}},"line":68}},"branchMap":{},"s":{"0":0,"1":0,"2":0,"3":0,"4":0},"f":{"0":0,"1":0},"b":{}}
,"/Users/on.alanhu/Documents/projects/blog/src/components/pages/index.tsx": {"path":"/Users/on.alanhu/Documents/projects/blog/src/components/pages/index.tsx","statementMap":{"0":{"start":{"line":14,"column":2},"end":{"line":29,"column":4}},"1":{"start":{"line":21,"column":12},"end":{"line":23,"column":25}},"2":{"start":{"line":32,"column":61},"end":{"line":38,"column":1}},"3":{"start":{"line":33,"column":2},"end":{"line":37,"column":4}}},"fnMap":{"0":{"name":"Home","decl":{"start":{"line":13,"column":24},"end":{"line":13,"column":28}},"loc":{"start":{"line":13,"column":44},"end":{"line":30,"column":1}},"line":13},"1":{"name":"(anonymous_1)","decl":{"start":{"line":20,"column":59},"end":{"line":20,"column":60}},"loc":{"start":{"line":21,"column":12},"end":{"line":23,"column":25}},"line":21},"2":{"name":"(anonymous_2)","decl":{"start":{"line":32,"column":61},"end":{"line":32,"column":62}},"loc":{"start":{"line":32,"column":73},"end":{"line":38,"column":1}},"line":32}},"branchMap":{},"s":{"0":0,"1":0,"2":0,"3":0},"f":{"0":0,"1":0,"2":0},"b":{}}
,"/Users/on.alanhu/Documents/projects/blog/src/components/pages/lab.tsx": {"path":"/Users/on.alanhu/Documents/projects/blog/src/components/pages/lab.tsx","statementMap":{"0":{"start":{"line":14,"column":19},"end":{"line":14,"column":24}},"1":{"start":{"line":16,"column":2},"end":{"line":31,"column":4}},"2":{"start":{"line":23,"column":12},"end":{"line":25,"column":25}},"3":{"start":{"line":34,"column":61},"end":{"line":40,"column":1}},"4":{"start":{"line":35,"column":2},"end":{"line":39,"column":4}}},"fnMap":{"0":{"name":"Lab","decl":{"start":{"line":13,"column":24},"end":{"line":13,"column":27}},"loc":{"start":{"line":13,"column":55},"end":{"line":32,"column":1}},"line":13},"1":{"name":"(anonymous_1)","decl":{"start":{"line":22,"column":59},"end":{"line":22,"column":60}},"loc":{"start":{"line":23,"column":12},"end":{"line":25,"column":25}},"line":23},"2":{"name":"(anonymous_2)","decl":{"start":{"line":34,"column":61},"end":{"line":34,"column":62}},"loc":{"start":{"line":34,"column":73},"end":{"line":40,"column":1}},"line":34}},"branchMap":{},"s":{"0":0,"1":0,"2":0,"3":0,"4":0},"f":{"0":0,"1":0,"2":0},"b":{}}
,"/Users/on.alanhu/Documents/projects/blog/src/components/pages/resume.tsx": {"path":"/Users/on.alanhu/Documents/projects/blog/src/components/pages/resume.tsx","statementMap":{"0":{"start":{"line":14,"column":19},"end":{"line":14,"column":24}},"1":{"start":{"line":16,"column":2},"end":{"line":31,"column":4}},"2":{"start":{"line":22,"column":12},"end":{"line":24,"column":25}},"3":{"start":{"line":34,"column":61},"end":{"line":40,"column":1}},"4":{"start":{"line":35,"column":2},"end":{"line":39,"column":4}}},"fnMap":{"0":{"name":"Resume","decl":{"start":{"line":13,"column":24},"end":{"line":13,"column":30}},"loc":{"start":{"line":13,"column":58},"end":{"line":32,"column":1}},"line":13},"1":{"name":"(anonymous_1)","decl":{"start":{"line":21,"column":59},"end":{"line":21,"column":60}},"loc":{"start":{"line":22,"column":12},"end":{"line":24,"column":25}},"line":22},"2":{"name":"(anonymous_2)","decl":{"start":{"line":34,"column":61},"end":{"line":34,"column":62}},"loc":{"start":{"line":34,"column":73},"end":{"line":40,"column":1}},"line":34}},"branchMap":{},"s":{"0":0,"1":0,"2":0,"3":0,"4":0},"f":{"0":0,"1":0,"2":0},"b":{}}
,"/Users/on.alanhu/Documents/projects/blog/src/components/pages/blog/[id].tsx": {"path":"/Users/on.alanhu/Documents/projects/blog/src/components/pages/blog/[id].tsx","statementMap":{"0":{"start":{"line":17,"column":2},"end":{"line":21,"column":4}},"1":{"start":{"line":24,"column":69},"end":{"line":33,"column":1}},"2":{"start":{"line":25,"column":15},"end":{"line":25,"column":78}},"3":{"start":{"line":27,"column":2},"end":{"line":32,"column":4}}},"fnMap":{"0":{"name":"Post","decl":{"start":{"line":16,"column":24},"end":{"line":16,"column":28}},"loc":{"start":{"line":16,"column":56},"end":{"line":22,"column":1}},"line":16},"1":{"name":"(anonymous_1)","decl":{"start":{"line":24,"column":69},"end":{"line":24,"column":70}},"loc":{"start":{"line":24,"column":91},"end":{"line":33,"column":1}},"line":24}},"branchMap":{"0":{"loc":{"start":{"line":25,"column":15},"end":{"line":25,"column":78}},"type":"cond-expr","locations":[{"start":{"line":25,"column":28},"end":{"line":25,"column":73}},{"start":{"line":25,"column":76},"end":{"line":25,"column":78}}],"line":25},"1":{"loc":{"start":{"line":25,"column":28},"end":{"line":25,"column":73}},"type":"binary-expr","locations":[{"start":{"line":25,"column":29},"end":{"line":25,"column":66}},{"start":{"line":25,"column":71},"end":{"line":25,"column":73}}],"line":25}},"s":{"0":0,"1":0,"2":0,"3":0},"f":{"0":0,"1":0},"b":{"0":[0,0],"1":[0,0]}}
,"/Users/on.alanhu/Documents/projects/blog/src/components/pages/blog/index.tsx": {"path":"/Users/on.alanhu/Documents/projects/blog/src/components/pages/blog/index.tsx","statementMap":{"0":{"start":{"line":17,"column":17},"end":{"line":17,"column":28}},"1":{"start":{"line":18,"column":19},"end":{"line":20,"column":3}},"2":{"start":{"line":19,"column":4},"end":{"line":19,"column":31}},"3":{"start":{"line":22,"column":2},"end":{"line":44,"column":4}},"4":{"start":{"line":30,"column":14},"end":{"line":37,"column":27}},"5":{"start":{"line":32,"column":18},"end":{"line":32,"column":36}},"6":{"start":{"line":47,"column":61},"end":{"line":55,"column":1}},"7":{"start":{"line":48,"column":16},"end":{"line":48,"column":54}},"8":{"start":{"line":50,"column":2},"end":{"line":54,"column":4}}},"fnMap":{"0":{"name":"Blog","decl":{"start":{"line":16,"column":24},"end":{"line":16,"column":28}},"loc":{"start":{"line":16,"column":56},"end":{"line":45,"column":1}},"line":16},"1":{"name":"(anonymous_1)","decl":{"start":{"line":18,"column":19},"end":{"line":18,"column":20}},"loc":{"start":{"line":18,"column":25},"end":{"line":20,"column":3}},"line":18},"2":{"name":"(anonymous_2)","decl":{"start":{"line":29,"column":29},"end":{"line":29,"column":30}},"loc":{"start":{"line":30,"column":14},"end":{"line":37,"column":27}},"line":30},"3":{"name":"(anonymous_3)","decl":{"start":{"line":31,"column":25},"end":{"line":31,"column":26}},"loc":{"start":{"line":31,"column":31},"end":{"line":33,"column":17}},"line":31},"4":{"name":"(anonymous_4)","decl":{"start":{"line":47,"column":61},"end":{"line":47,"column":62}},"loc":{"start":{"line":47,"column":73},"end":{"line":55,"column":1}},"line":47}},"branchMap":{"0":{"loc":{"start":{"line":48,"column":16},"end":{"line":48,"column":54}},"type":"binary-expr","locations":[{"start":{"line":48,"column":17},"end":{"line":48,"column":47}},{"start":{"line":48,"column":52},"end":{"line":48,"column":54}}],"line":48}},"s":{"0":0,"1":0,"2":0,"3":0,"4":0,"5":0,"6":0,"7":0,"8":0},"f":{"0":0,"1":0,"2":0,"3":0,"4":0},"b":{"0":[0,0]}}
,"/Users/on.alanhu/Documents/projects/blog/src/components/patterns/Background.tsx": {"path":"/Users/on.alanhu/Documents/projects/blog/src/components/patterns/Background.tsx","statementMap":{"0":{"start":{"line":5,"column":2},"end":{"line":5,"column":41}},"1":{"start":{"line":8,"column":40},"end":{"line":14,"column":1}}},"fnMap":{"0":{"name":"Background","decl":{"start":{"line":4,"column":16},"end":{"line":4,"column":26}},"loc":{"start":{"line":4,"column":42},"end":{"line":6,"column":1}},"line":4}},"branchMap":{},"s":{"0":0,"1":0},"f":{"0":0},"b":{}}
,"/Users/on.alanhu/Documents/projects/blog/src/components/patterns/Logo.tsx": {"path":"/Users/on.alanhu/Documents/projects/blog/src/components/patterns/Logo.tsx","statementMap":{"0":{"start":{"line":7,"column":2},"end":{"line":14,"column":4}},"1":{"start":{"line":17,"column":40},"end":{"line":30,"column":1}}},"fnMap":{"0":{"name":"Logo","decl":{"start":{"line":6,"column":16},"end":{"line":6,"column":20}},"loc":{"start":{"line":6,"column":36},"end":{"line":15,"column":1}},"line":6}},"branchMap":{},"s":{"0":0,"1":0},"f":{"0":0},"b":{}}
,"/Users/on.alanhu/Documents/projects/blog/src/components/patterns/Navbar.tsx": {"path":"/Users/on.alanhu/Documents/projects/blog/src/components/patterns/Navbar.tsx","statementMap":{"0":{"start":{"line":13,"column":15},"end":{"line":34,"column":1}},"1":{"start":{"line":37,"column":17},"end":{"line":37,"column":28}},"2":{"start":{"line":39,"column":2},"end":{"line":59,"column":4}},"3":{"start":{"line":41,"column":47},"end":{"line":41,"column":63}},"4":{"start":{"line":46,"column":10},"end":{"line":55,"column":21}},"5":{"start":{"line":62,"column":40},"end":{"line":84,"column":1}},"6":{"start":{"line":86,"column":22},"end":{"line":106,"column":2}}},"fnMap":{"0":{"name":"Navbar","decl":{"start":{"line":36,"column":16},"end":{"line":36,"column":22}},"loc":{"start":{"line":36,"column":38},"end":{"line":60,"column":1}},"line":36},"1":{"name":"(anonymous_1)","decl":{"start":{"line":41,"column":41},"end":{"line":41,"column":42}},"loc":{"start":{"line":41,"column":47},"end":{"line":41,"column":63}},"line":41},"2":{"name":"(anonymous_2)","decl":{"start":{"line":45,"column":20},"end":{"line":45,"column":21}},"loc":{"start":{"line":46,"column":10},"end":{"line":55,"column":21}},"line":46}},"branchMap":{"0":{"loc":{"start":{"line":54,"column":13},"end":{"line":54,"column":91}},"type":"binary-expr","locations":[{"start":{"line":54,"column":13},"end":{"line":54,"column":40}},{"start":{"line":54,"column":44},"end":{"line":54,"column":91}}],"line":54}},"s":{"0":0,"1":0,"2":0,"3":0,"4":0,"5":0,"6":0},"f":{"0":0,"1":0,"2":0},"b":{"0":[0,0]}}
,"/Users/on.alanhu/Documents/projects/blog/src/components/primitives/Button.tsx": {"path":"/Users/on.alanhu/Documents/projects/blog/src/components/primitives/Button.tsx","statementMap":{"0":{"start":{"line":3,"column":22},"end":{"line":8,"column":2}}},"fnMap":{},"branchMap":{},"s":{"0":2},"f":{},"b":{},"_coverageSchema":"1a1c01bbd47fc00a2c39e90264f33305004495a9","hash":"7293056440dee534e8c6a73d8688ccb894ce75b7"}
,"/Users/on.alanhu/Documents/projects/blog/src/components/primitives/Div.tsx": {"path":"/Users/on.alanhu/Documents/projects/blog/src/components/primitives/Div.tsx","statementMap":{"0":{"start":{"line":3,"column":19},"end":{"line":3,"column":36}}},"fnMap":{},"branchMap":{},"s":{"0":4},"f":{},"b":{},"_coverageSchema":"1a1c01bbd47fc00a2c39e90264f33305004495a9","hash":"446db866a06f6db34a6b7ed62794804d16c5b871"}
,"/Users/on.alanhu/Documents/projects/blog/src/components/primitives/Form.tsx": {"path":"/Users/on.alanhu/Documents/projects/blog/src/components/primitives/Form.tsx","statementMap":{"0":{"start":{"line":3,"column":20},"end":{"line":3,"column":38}}},"fnMap":{},"branchMap":{},"s":{"0":0},"f":{},"b":{}}
,"/Users/on.alanhu/Documents/projects/blog/src/components/primitives/Input.tsx": {"path":"/Users/on.alanhu/Documents/projects/blog/src/components/primitives/Input.tsx","statementMap":{"0":{"start":{"line":3,"column":21},"end":{"line":3,"column":40}}},"fnMap":{},"branchMap":{},"s":{"0":0},"f":{},"b":{}}
,"/Users/on.alanhu/Documents/projects/blog/src/components/primitives/Label.tsx": {"path":"/Users/on.alanhu/Documents/projects/blog/src/components/primitives/Label.tsx","statementMap":{"0":{"start":{"line":3,"column":21},"end":{"line":3,"column":40}}},"fnMap":{},"branchMap":{},"s":{"0":0},"f":{},"b":{}}
,"/Users/on.alanhu/Documents/projects/blog/src/components/primitives/Separator.tsx": {"path":"/Users/on.alanhu/Documents/projects/blog/src/components/primitives/Separator.tsx","statementMap":{"0":{"start":{"line":5,"column":25},"end":{"line":23,"column":2}}},"fnMap":{},"branchMap":{},"s":{"0":1},"f":{},"b":{},"_coverageSchema":"1a1c01bbd47fc00a2c39e90264f33305004495a9","hash":"77825dd18ac09f0c3c5a4889a8059621261bfaf8"}
,"/Users/on.alanhu/Documents/projects/blog/src/components/primitives/Svg.tsx": {"path":"/Users/on.alanhu/Documents/projects/blog/src/components/primitives/Svg.tsx","statementMap":{"0":{"start":{"line":3,"column":19},"end":{"line":3,"column":36}}},"fnMap":{},"branchMap":{},"s":{"0":6},"f":{},"b":{},"_coverageSchema":"1a1c01bbd47fc00a2c39e90264f33305004495a9","hash":"32d6e2bb88fd7d1ff657b21b8316f4dcca9021d2"}
,"/Users/on.alanhu/Documents/projects/blog/src/components/primitives/Text.tsx": {"path":"/Users/on.alanhu/Documents/projects/blog/src/components/primitives/Text.tsx","statementMap":{"0":{"start":{"line":3,"column":20},"end":{"line":26,"column":2}}},"fnMap":{},"branchMap":{},"s":{"0":2},"f":{},"b":{},"_coverageSchema":"1a1c01bbd47fc00a2c39e90264f33305004495a9","hash":"a7a868cdf05091203a229808291d13dc4446f0e6"}
,"/Users/on.alanhu/Documents/projects/blog/src/controllers/localController.ts": {"path":"/Users/on.alanhu/Documents/projects/blog/src/controllers/localController.ts","statementMap":{"0":{"start":{"line":12,"column":39},"end":{"line":12,"column":41}},"1":{"start":{"line":16,"column":4},"end":{"line":16,"column":21}},"2":{"start":{"line":17,"column":4},"end":{"line":17,"column":29}},"3":{"start":{"line":18,"column":20},"end":{"line":18,"column":43}},"4":{"start":{"line":19,"column":4},"end":{"line":25,"column":5}},"5":{"start":{"line":20,"column":6},"end":{"line":20,"column":50}},"6":{"start":{"line":21,"column":6},"end":{"line":21,"column":24}},"7":{"start":{"line":23,"column":6},"end":{"line":23,"column":29}},"8":{"start":{"line":24,"column":6},"end":{"line":24,"column":22}},"9":{"start":{"line":29,"column":4},"end":{"line":29,"column":37}},"10":{"start":{"line":33,"column":4},"end":{"line":33,"column":52}},"11":{"start":{"line":33,"column":40},"end":{"line":33,"column":52}},"12":{"start":{"line":35,"column":4},"end":{"line":35,"column":26}},"13":{"start":{"line":39,"column":4},"end":{"line":41,"column":5}},"14":{"start":{"line":40,"column":6},"end":{"line":40,"column":18}},"15":{"start":{"line":43,"column":4},"end":{"line":43,"column":31}},"16":{"start":{"line":45,"column":4},"end":{"line":45,"column":16}},"17":{"start":{"line":47,"column":4},"end":{"line":47,"column":31}},"18":{"start":{"line":51,"column":4},"end":{"line":53,"column":5}},"19":{"start":{"line":52,"column":6},"end":{"line":52,"column":18}},"20":{"start":{"line":55,"column":4},"end":{"line":58,"column":6}},"21":{"start":{"line":60,"column":4},"end":{"line":60,"column":16}},"22":{"start":{"line":62,"column":4},"end":{"line":62,"column":26}},"23":{"start":{"line":66,"column":4},"end":{"line":66,"column":26}},"24":{"start":{"line":68,"column":4},"end":{"line":68,"column":23}},"25":{"start":{"line":72,"column":4},"end":{"line":78,"column":5}},"26":{"start":{"line":73,"column":6},"end":{"line":73,"column":64}},"27":{"start":{"line":74,"column":6},"end":{"line":74,"column":35}},"28":{"start":{"line":76,"column":6},"end":{"line":76,"column":29}},"29":{"start":{"line":77,"column":6},"end":{"line":77,"column":35}}},"fnMap":{"0":{"name":"(anonymous_0)","decl":{"start":{"line":15,"column":2},"end":{"line":15,"column":3}},"loc":{"start":{"line":15,"column":51},"end":{"line":26,"column":3}},"line":15},"1":{"name":"(anonymous_1)","decl":{"start":{"line":28,"column":2},"end":{"line":28,"column":3}},"loc":{"start":{"line":28,"column":31},"end":{"line":30,"column":3}},"line":28},"2":{"name":"(anonymous_2)","decl":{"start":{"line":32,"column":2},"end":{"line":32,"column":3}},"loc":{"start":{"line":32,"column":43},"end":{"line":36,"column":3}},"line":32},"3":{"name":"(anonymous_3)","decl":{"start":{"line":38,"column":2},"end":{"line":38,"column":3}},"loc":{"start":{"line":38,"column":43},"end":{"line":48,"column":3}},"line":38},"4":{"name":"(anonymous_4)","decl":{"start":{"line":50,"column":2},"end":{"line":50,"column":3}},"loc":{"start":{"line":50,"column":55},"end":{"line":63,"column":3}},"line":50},"5":{"name":"(anonymous_5)","decl":{"start":{"line":65,"column":2},"end":{"line":65,"column":3}},"loc":{"start":{"line":65,"column":46},"end":{"line":69,"column":3}},"line":65},"6":{"name":"(anonymous_6)","decl":{"start":{"line":71,"column":2},"end":{"line":71,"column":3}},"loc":{"start":{"line":71,"column":43},"end":{"line":79,"column":3}},"line":71}},"branchMap":{"0":{"loc":{"start":{"line":33,"column":4},"end":{"line":33,"column":52}},"type":"if","locations":[{"start":{"line":33,"column":4},"end":{"line":33,"column":52}},{"start":{"line":33,"column":4},"end":{"line":33,"column":52}}],"line":33},"1":{"loc":{"start":{"line":33,"column":8},"end":{"line":33,"column":38}},"type":"binary-expr","locations":[{"start":{"line":33,"column":8},"end":{"line":33,"column":19}},{"start":{"line":33,"column":23},"end":{"line":33,"column":38}}],"line":33},"2":{"loc":{"start":{"line":39,"column":4},"end":{"line":41,"column":5}},"type":"if","locations":[{"start":{"line":39,"column":4},"end":{"line":41,"column":5}},{"start":{"line":39,"column":4},"end":{"line":41,"column":5}}],"line":39},"3":{"loc":{"start":{"line":51,"column":4},"end":{"line":53,"column":5}},"type":"if","locations":[{"start":{"line":51,"column":4},"end":{"line":53,"column":5}},{"start":{"line":51,"column":4},"end":{"line":53,"column":5}}],"line":51},"4":{"loc":{"start":{"line":51,"column":8},"end":{"line":51,"column":46}},"type":"binary-expr","locations":[{"start":{"line":51,"column":8},"end":{"line":51,"column":28}},{"start":{"line":51,"column":32},"end":{"line":51,"column":46}}],"line":51}},"s":{"0":16,"1":16,"2":16,"3":16,"4":16,"5":16,"6":16,"7":0,"8":0,"9":1,"10":2,"11":1,"12":1,"13":2,"14":1,"15":1,"16":1,"17":1,"18":2,"19":1,"20":1,"21":1,"22":1,"23":1,"24":1,"25":3,"26":3,"27":3,"28":0,"29":0},"f":{"0":16,"1":1,"2":2,"3":2,"4":2,"5":1,"6":3},"b":{"0":[1,1],"1":[2,2],"2":[1,1],"3":[1,1],"4":[2,1]},"_coverageSchema":"1a1c01bbd47fc00a2c39e90264f33305004495a9","hash":"f1cf0d8c43326d0091a2c75c1c3f535e18a655ae"}
,"/Users/on.alanhu/Documents/projects/blog/src/controllers/types.ts": {"path":"/Users/on.alanhu/Documents/projects/blog/src/controllers/types.ts","statementMap":{},"fnMap":{},"branchMap":{},"s":{},"f":{},"b":{}}
,"/Users/on.alanhu/Documents/projects/blog/src/controllers/posts/index.ts": {"path":"/Users/on.alanhu/Documents/projects/blog/src/controllers/posts/index.ts","statementMap":{"0":{"start":{"line":8,"column":4},"end":{"line":8,"column":50}},"1":{"start":{"line":12,"column":31},"end":{"line":12,"column":57}}},"fnMap":{"0":{"name":"(anonymous_0)","decl":{"start":{"line":7,"column":2},"end":{"line":7,"column":3}},"loc":{"start":{"line":7,"column":16},"end":{"line":9,"column":3}},"line":7}},"branchMap":{},"s":{"0":0,"1":0},"f":{"0":0},"b":{}}
,"/Users/on.alanhu/Documents/projects/blog/src/controllers/posts/types.ts": {"path":"/Users/on.alanhu/Documents/projects/blog/src/controllers/posts/types.ts","statementMap":{},"fnMap":{},"branchMap":{},"s":{},"f":{},"b":{}}
,"/Users/on.alanhu/Documents/projects/blog/src/controllers/posts/validators.ts": {"path":"/Users/on.alanhu/Documents/projects/blog/src/controllers/posts/validators.ts","statementMap":{"0":{"start":{"line":4,"column":2},"end":{"line":6,"column":3}},"1":{"start":{"line":5,"column":4},"end":{"line":5,"column":17}},"2":{"start":{"line":7,"column":2},"end":{"line":9,"column":3}},"3":{"start":{"line":8,"column":4},"end":{"line":8,"column":17}},"4":{"start":{"line":10,"column":2},"end":{"line":12,"column":3}},"5":{"start":{"line":11,"column":4},"end":{"line":11,"column":17}},"6":{"start":{"line":13,"column":2},"end":{"line":15,"column":3}},"7":{"start":{"line":14,"column":4},"end":{"line":14,"column":17}},"8":{"start":{"line":16,"column":2},"end":{"line":18,"column":3}},"9":{"start":{"line":17,"column":4},"end":{"line":17,"column":17}},"10":{"start":{"line":19,"column":2},"end":{"line":19,"column":14}}},"fnMap":{"0":{"name":"isPostData","decl":{"start":{"line":3,"column":16},"end":{"line":3,"column":26}},"loc":{"start":{"line":3,"column":61},"end":{"line":20,"column":1}},"line":3}},"branchMap":{"0":{"loc":{"start":{"line":4,"column":2},"end":{"line":6,"column":3}},"type":"if","locations":[{"start":{"line":4,"column":2},"end":{"line":6,"column":3}},{"start":{"line":4,"column":2},"end":{"line":6,"column":3}}],"line":4},"1":{"loc":{"start":{"line":7,"column":2},"end":{"line":9,"column":3}},"type":"if","locations":[{"start":{"line":7,"column":2},"end":{"line":9,"column":3}},{"start":{"line":7,"column":2},"end":{"line":9,"column":3}}],"line":7},"2":{"loc":{"start":{"line":10,"column":2},"end":{"line":12,"column":3}},"type":"if","locations":[{"start":{"line":10,"column":2},"end":{"line":12,"column":3}},{"start":{"line":10,"column":2},"end":{"line":12,"column":3}}],"line":10},"3":{"loc":{"start":{"line":13,"column":2},"end":{"line":15,"column":3}},"type":"if","locations":[{"start":{"line":13,"column":2},"end":{"line":15,"column":3}},{"start":{"line":13,"column":2},"end":{"line":15,"column":3}}],"line":13},"4":{"loc":{"start":{"line":16,"column":2},"end":{"line":18,"column":3}},"type":"if","locations":[{"start":{"line":16,"column":2},"end":{"line":18,"column":3}},{"start":{"line":16,"column":2},"end":{"line":18,"column":3}}],"line":16}},"s":{"0":0,"1":0,"2":0,"3":0,"4":0,"5":0,"6":0,"7":0,"8":0,"9":0,"10":0},"f":{"0":0},"b":{"0":[0,0],"1":[0,0],"2":[0,0],"3":[0,0],"4":[0,0]}}
,"/Users/on.alanhu/Documents/projects/blog/src/libs/Logger.ts": {"path":"/Users/on.alanhu/Documents/projects/blog/src/libs/Logger.ts","statementMap":{"0":{"start":{"line":3,"column":4},"end":{"line":3,"column":49}},"1":{"start":{"line":10,"column":36},"end":{"line":10,"column":59}},"2":{"start":{"line":11,"column":2},"end":{"line":14,"column":4}},"3":{"start":{"line":12,"column":4},"end":{"line":12,"column":56}},"4":{"start":{"line":13,"column":4},"end":{"line":13,"column":17}},"5":{"start":{"line":16,"column":16},"end":{"line":16,"column":40}},"6":{"start":{"line":18,"column":2},"end":{"line":18,"column":50}}},"fnMap":{"0":{"name":"(anonymous_0)","decl":{"start":{"line":2,"column":2},"end":{"line":2,"column":3}},"loc":{"start":{"line":2,"column":95},"end":{"line":4,"column":3}},"line":2},"1":{"name":"caller","decl":{"start":{"line":9,"column":16},"end":{"line":9,"column":22}},"loc":{"start":{"line":9,"column":33},"end":{"line":19,"column":1}},"line":9},"2":{"name":"(anonymous_2)","decl":{"start":{"line":11,"column":28},"end":{"line":11,"column":29}},"loc":{"start":{"line":11,"column":48},"end":{"line":14,"column":3}},"line":11}},"branchMap":{"0":{"loc":{"start":{"line":2,"column":37},"end":{"line":2,"column":87}},"type":"default-arg","locations":[{"start":{"line":2,"column":80},"end":{"line":2,"column":87}}],"line":2}},"s":{"0":0,"1":0,"2":0,"3":0,"4":0,"5":0,"6":0},"f":{"0":0,"1":0,"2":0},"b":{"0":[0]},"_coverageSchema":"1a1c01bbd47fc00a2c39e90264f33305004495a9","hash":"3758b5d1d67693f82c20e25d26bfd2bd7b4866ab"}
,"/Users/on.alanhu/Documents/projects/blog/src/libs/types.ts": {"path":"/Users/on.alanhu/Documents/projects/blog/src/libs/types.ts","statementMap":{},"fnMap":{},"branchMap":{},"s":{},"f":{},"b":{}}
,"/Users/on.alanhu/Documents/projects/blog/src/pages/_app.tsx": {"path":"/Users/on.alanhu/Documents/projects/blog/src/pages/_app.tsx","statementMap":{"0":{"start":{"line":7,"column":2},"end":{"line":22,"column":4}}},"fnMap":{"0":{"name":"App","decl":{"start":{"line":6,"column":9},"end":{"line":6,"column":12}},"loc":{"start":{"line":6,"column":62},"end":{"line":23,"column":1}},"line":6}},"branchMap":{},"s":{"0":0},"f":{"0":0},"b":{}}
,"/Users/on.alanhu/Documents/projects/blog/src/pages/_document.tsx": {"path":"/Users/on.alanhu/Documents/projects/blog/src/pages/_document.tsx","statementMap":{"0":{"start":{"line":9,"column":31},"end":{"line":9,"column":45}},"1":{"start":{"line":11,"column":4},"end":{"line":36,"column":5}},"2":{"start":{"line":13,"column":6},"end":{"line":17,"column":8}},"3":{"start":{"line":14,"column":35},"end":{"line":14,"column":68}},"4":{"start":{"line":15,"column":8},"end":{"line":15,"column":33}},"5":{"start":{"line":16,"column":8},"end":{"line":16,"column":22}},"6":{"start":{"line":19,"column":27},"end":{"line":19,"column":66}},"7":{"start":{"line":21,"column":6},"end":{"line":32,"column":8}},"8":{"start":{"line":28,"column":14},"end":{"line":28,"column":81}},"9":{"start":{"line":34,"column":6},"end":{"line":34,"column":20}},"10":{"start":{"line":35,"column":6},"end":{"line":35,"column":30}}},"fnMap":{"0":{"name":"(anonymous_0)","decl":{"start":{"line":8,"column":2},"end":{"line":8,"column":3}},"loc":{"start":{"line":8,"column":84},"end":{"line":37,"column":3}},"line":8},"1":{"name":"(anonymous_1)","decl":{"start":{"line":13,"column":23},"end":{"line":13,"column":24}},"loc":{"start":{"line":13,"column":29},"end":{"line":17,"column":7}},"line":13},"2":{"name":"(anonymous_2)","decl":{"start":{"line":27,"column":34},"end":{"line":27,"column":35}},"loc":{"start":{"line":28,"column":14},"end":{"line":28,"column":81}},"line":28}},"branchMap":{},"s":{"0":0,"1":0,"2":0,"3":0,"4":0,"5":0,"6":0,"7":0,"8":0,"9":0,"10":0},"f":{"0":0,"1":0,"2":0},"b":{}}
}
