TN:
SF:src/stitches.config.ts
FN:63,(anonymous_0)
FN:63,(anonymous_1)
FNF:2
FNH:0
FNDA:0,(anonymous_0)
FNDA:0,(anonymous_1)
DA:7,9
DA:19,9
DA:21,9
DA:63,0
DA:71,9
LF:5
LH:4
BRF:0
BRH:0
end_of_record
TN:
SF:src/components/icons/Hu.tsx
FN:8,Hu
FNF:1
FNH:1
FNDA:1,Hu
DA:9,1
DA:10,1
DA:11,1
DA:29,1
LF:4
LH:4
BRDA:9,0,0,1
BRF:1
BRH:1
end_of_record
TN:
SF:src/components/icons/LinkedIn.tsx
FN:8,LinkedIn
FNF:1
FNH:1
FNDA:1,LinkedIn
DA:9,1
DA:10,1
LF:2
LH:2
BRF:0
BRH:0
end_of_record
TN:
SF:src/components/icons/LocationPin.tsx
FN:8,LocationPin
FNF:1
FNH:1
FNDA:1,LocationPin
DA:9,1
DA:10,1
LF:2
LH:2
BRF:0
BRH:0
end_of_record
TN:
SF:src/components/icons/Mail.tsx
FN:8,Mail
FNF:1
FNH:1
FNDA:1,Mail
DA:9,1
DA:11,1
LF:2
LH:2
BRF:0
BRH:0
end_of_record
TN:
SF:src/components/icons/OuNanSealScript.tsx
FN:9,OuNanSealScript
FNF:1
FNH:1
FNDA:4,OuNanSealScript
DA:10,4
DA:11,4
LF:2
LH:2
BRDA:10,0,0,1
BRF:1
BRH:1
end_of_record
TN:
SF:src/components/layouts/IconPostLayout.tsx
FN:10,IconPostLayout
FNF:1
FNH:1
FNDA:2,IconPostLayout
DA:11,2
DA:12,2
DA:14,2
DA:21,1
LF:4
LH:4
BRDA:12,0,0,0
BRDA:12,0,1,2
BRF:2
BRH:1
end_of_record
TN:
SF:src/components/layouts/PageLayout.tsx
FN:10,PageLayout
FNF:1
FNH:1
FNDA:6,PageLayout
DA:11,6
DA:13,6
LF:2
LH:2
BRDA:11,0,0,0
BRF:1
BRH:0
end_of_record
TN:
SF:src/components/layouts/PostLayout.tsx
FN:13,PostLayout
FN:16,(anonymous_1)
FNF:2
FNH:2
FNDA:5,PostLayout
FNDA:5,(anonymous_1)
DA:14,5
DA:15,5
DA:16,5
DA:17,5
DA:18,1
DA:24,4
DA:25,2
DA:27,2
DA:34,5
DA:45,1
LF:10
LH:10
BRDA:14,0,0,1
BRDA:15,1,0,1
BRDA:15,1,1,4
BRDA:17,2,0,1
BRDA:17,2,1,4
BRDA:24,3,0,2
BRDA:24,3,1,2
BRF:7
BRH:7
end_of_record
TN:
SF:src/components/layouts/SectionLayout.tsx
FN:11,SectionLayout
FNF:1
FNH:1
FNDA:2,SectionLayout
DA:12,2
DA:14,2
DA:25,1
LF:3
LH:3
BRF:0
BRH:0
end_of_record
TN:
SF:src/components/layouts/TabPageLayout.tsx
FN:13,TabPageLayout
FNF:1
FNH:1
FNDA:3,TabPageLayout
DA:14,3
DA:16,3
DA:34,1
LF:3
LH:3
BRF:0
BRH:0
end_of_record
TN:
SF:src/components/pages/contact.tsx
FN:29,Contact
FN:68,(anonymous_1)
FNF:2
FNH:0
FNDA:0,Contact
FNDA:0,(anonymous_1)
DA:22,0
DA:30,0
DA:68,0
DA:69,0
DA:76,0
LF:5
LH:0
BRF:0
BRH:0
end_of_record
TN:
SF:src/components/pages/index.tsx
FN:13,Home
FN:20,(anonymous_1)
FN:32,(anonymous_2)
FNF:3
FNH:0
FNDA:0,Home
FNDA:0,(anonymous_1)
FNDA:0,(anonymous_2)
DA:14,0
DA:21,0
DA:32,0
DA:33,0
LF:4
LH:0
BRF:0
BRH:0
end_of_record
TN:
SF:src/components/pages/lab.tsx
FN:13,Lab
FN:22,(anonymous_1)
FN:34,(anonymous_2)
FNF:3
FNH:0
FNDA:0,Lab
FNDA:0,(anonymous_1)
FNDA:0,(anonymous_2)
DA:14,0
DA:16,0
DA:23,0
DA:34,0
DA:35,0
LF:5
LH:0
BRF:0
BRH:0
end_of_record
TN:
SF:src/components/pages/resume.tsx
FN:13,Resume
FN:21,(anonymous_1)
FN:34,(anonymous_2)
FNF:3
FNH:0
FNDA:0,Resume
FNDA:0,(anonymous_1)
FNDA:0,(anonymous_2)
DA:14,0
DA:16,0
DA:22,0
DA:34,0
DA:35,0
LF:5
LH:0
BRF:0
BRH:0
end_of_record
TN:
SF:src/components/pages/blog/[id].tsx
FN:16,Post
FN:24,(anonymous_1)
FNF:2
FNH:0
FNDA:0,Post
FNDA:0,(anonymous_1)
DA:17,0
DA:24,0
DA:25,0
DA:27,0
LF:4
LH:0
BRDA:25,0,0,0
BRDA:25,0,1,0
BRDA:25,1,0,0
BRDA:25,1,1,0
BRF:4
BRH:0
end_of_record
TN:
SF:src/components/pages/blog/index.tsx
FN:16,Blog
FN:18,(anonymous_1)
FN:29,(anonymous_2)
FN:31,(anonymous_3)
FN:47,(anonymous_4)
FNF:5
FNH:0
FNDA:0,Blog
FNDA:0,(anonymous_1)
FNDA:0,(anonymous_2)
FNDA:0,(anonymous_3)
FNDA:0,(anonymous_4)
DA:17,0
DA:18,0
DA:19,0
DA:22,0
DA:30,0
DA:32,0
DA:47,0
DA:48,0
DA:50,0
LF:9
LH:0
BRDA:48,0,0,0
BRDA:48,0,1,0
BRF:2
BRH:0
end_of_record
TN:
SF:src/components/patterns/Background.tsx
FN:4,Background
FNF:1
FNH:0
FNDA:0,Background
DA:5,0
DA:8,0
LF:2
LH:0
BRF:0
BRH:0
end_of_record
TN:
SF:src/components/patterns/Logo.tsx
FN:6,Logo
FNF:1
FNH:0
FNDA:0,Logo
DA:7,0
DA:17,0
LF:2
LH:0
BRF:0
BRH:0
end_of_record
TN:
SF:src/components/patterns/Navbar.tsx
FN:36,Navbar
FN:41,(anonymous_1)
FN:45,(anonymous_2)
FNF:3
FNH:0
FNDA:0,Navbar
FNDA:0,(anonymous_1)
FNDA:0,(anonymous_2)
DA:13,0
DA:37,0
DA:39,0
DA:41,0
DA:46,0
DA:62,0
DA:86,0
LF:7
LH:0
BRDA:54,0,0,0
BRDA:54,0,1,0
BRF:2
BRH:0
end_of_record
TN:
SF:src/components/primitives/Button.tsx
FNF:0
FNH:0
DA:3,2
LF:1
LH:1
BRF:0
BRH:0
end_of_record
TN:
SF:src/components/primitives/Div.tsx
FNF:0
FNH:0
DA:3,4
LF:1
LH:1
BRF:0
BRH:0
end_of_record
TN:
SF:src/components/primitives/Form.tsx
FNF:0
FNH:0
DA:3,0
LF:1
LH:0
BRF:0
BRH:0
end_of_record
TN:
SF:src/components/primitives/Input.tsx
FNF:0
FNH:0
DA:3,0
LF:1
LH:0
BRF:0
BRH:0
end_of_record
TN:
SF:src/components/primitives/Label.tsx
FNF:0
FNH:0
DA:3,0
LF:1
LH:0
BRF:0
BRH:0
end_of_record
TN:
SF:src/components/primitives/Separator.tsx
FNF:0
FNH:0
DA:5,1
LF:1
LH:1
BRF:0
BRH:0
end_of_record
TN:
SF:src/components/primitives/Svg.tsx
FNF:0
FNH:0
DA:3,6
LF:1
LH:1
BRF:0
BRH:0
end_of_record
TN:
SF:src/components/primitives/Text.tsx
FNF:0
FNH:0
DA:3,2
LF:1
LH:1
BRF:0
BRH:0
end_of_record
TN:
SF:src/controllers/localController.ts
FN:15,(anonymous_0)
FN:28,(anonymous_1)
FN:32,(anonymous_2)
FN:38,(anonymous_3)
FN:50,(anonymous_4)
FN:65,(anonymous_5)
FN:71,(anonymous_6)
FNF:7
FNH:7
FNDA:16,(anonymous_0)
FNDA:1,(anonymous_1)
FNDA:2,(anonymous_2)
FNDA:2,(anonymous_3)
FNDA:2,(anonymous_4)
FNDA:1,(anonymous_5)
FNDA:3,(anonymous_6)
DA:12,16
DA:16,16
DA:17,16
DA:18,16
DA:19,16
DA:20,16
DA:21,16
DA:23,0
DA:24,0
DA:29,1
DA:33,2
DA:35,1
DA:39,2
DA:40,1
DA:43,1
DA:45,1
DA:47,1
DA:51,2
DA:52,1
DA:55,1
DA:60,1
DA:62,1
DA:66,1
DA:68,1
DA:72,3
DA:73,3
DA:74,3
DA:76,0
DA:77,0
LF:29
LH:25
BRDA:33,0,0,1
BRDA:33,0,1,1
BRDA:33,1,0,2
BRDA:33,1,1,2
BRDA:39,2,0,1
BRDA:39,2,1,1
BRDA:51,3,0,1
BRDA:51,3,1,1
BRDA:51,4,0,2
BRDA:51,4,1,1
BRF:10
BRH:10
end_of_record
TN:
SF:src/controllers/types.ts
FNF:0
FNH:0
LF:0
LH:0
BRF:0
BRH:0
end_of_record
TN:
SF:src/controllers/posts/index.ts
FN:7,(anonymous_0)
FNF:1
FNH:0
FNDA:0,(anonymous_0)
DA:8,0
DA:12,0
LF:2
LH:0
BRF:0
BRH:0
end_of_record
TN:
SF:src/controllers/posts/types.ts
FNF:0
FNH:0
LF:0
LH:0
BRF:0
BRH:0
end_of_record
TN:
SF:src/controllers/posts/validators.ts
FN:3,isPostData
FNF:1
FNH:0
FNDA:0,isPostData
DA:4,0
DA:5,0
DA:7,0
DA:8,0
DA:10,0
DA:11,0
DA:13,0
DA:14,0
DA:16,0
DA:17,0
DA:19,0
LF:11
LH:0
BRDA:4,0,0,0
BRDA:4,0,1,0
BRDA:7,1,0,0
BRDA:7,1,1,0
BRDA:10,2,0,0
BRDA:10,2,1,0
BRDA:13,3,0,0
BRDA:13,3,1,0
BRDA:16,4,0,0
BRDA:16,4,1,0
BRF:10
BRH:0
end_of_record
TN:
SF:src/libs/Logger.ts
FN:2,(anonymous_0)
FN:9,caller
FN:11,(anonymous_2)
FNF:3
FNH:0
FNDA:0,(anonymous_0)
FNDA:0,caller
FNDA:0,(anonymous_2)
DA:3,0
DA:10,0
DA:11,0
DA:12,0
DA:13,0
DA:16,0
DA:18,0
LF:7
LH:0
BRDA:2,0,0,0
BRF:1
BRH:0
end_of_record
TN:
SF:src/libs/types.ts
FNF:0
FNH:0
LF:0
LH:0
BRF:0
BRH:0
end_of_record
TN:
SF:src/pages/_app.tsx
FN:6,App
FNF:1
FNH:0
FNDA:0,App
DA:7,0
LF:1
LH:0
BRF:0
BRH:0
end_of_record
TN:
SF:src/pages/_document.tsx
FN:8,(anonymous_0)
FN:13,(anonymous_1)
FN:27,(anonymous_2)
FNF:3
FNH:0
FNDA:0,(anonymous_0)
FNDA:0,(anonymous_1)
FNDA:0,(anonymous_2)
DA:9,0
DA:11,0
DA:13,0
DA:14,0
DA:15,0
DA:16,0
DA:19,0
DA:21,0
DA:28,0
DA:34,0
DA:35,0
LF:11
LH:0
BRF:0
BRH:0
end_of_record
